This is pdfTeX, Version 3.141592653-2.6-1.40.25 (TeX Live 2023) (preloaded format=pdflatex 2023.5.4)  4 MAY 2023 14:28
entering extended mode
 restricted \write18 enabled.
 %&-line parsing enabled.
**final_report.tex
(./final_report.tex
LaTeX2e <2022-11-01> patch level 1
L3 programming layer <2023-04-20> (./mdpi.cls
Document Class: mdpi 15/02/2019 MDPI paper class
(/Users/quinnwhite/Library/TinyTeX/texmf-dist/tex/latex/base/article.cls
Document Class: article 2022/07/02 v1.4n Standard LaTeX document class
(/Users/quinnwhite/Library/TinyTeX/texmf-dist/tex/latex/base/size10.clo
File: size10.clo 2022/07/02 v1.4n Standard LaTeX file (size option)
)
\c@part=\count185
\c@section=\count186
\c@subsection=\count187
\c@subsubsection=\count188
\c@paragraph=\count189
\c@subparagraph=\count190
\c@figure=\count191
\c@table=\count192
\abovecaptionskip=\skip48
\belowcaptionskip=\skip49
\bibindent=\dimen140
) (/Users/quinnwhite/Library/TinyTeX/texmf-dist/tex/latex/base/fontenc.sty
Package: fontenc 2021/04/29 v2.0v Standard LaTeX package
) (/Users/quinnwhite/Library/TinyTeX/texmf-dist/tex/latex/base/inputenc.sty
Package: inputenc 2021/02/14 v1.3d Input encoding file
\inpenc@prehook=\toks16
\inpenc@posthook=\toks17
) (/Users/quinnwhite/Library/TinyTeX/texmf-dist/tex/latex/tools/calc.sty
Package: calc 2017/05/25 v4.3 Infix arithmetic (KKT,FJ)
\calc@Acount=\count193
\calc@Bcount=\count194
\calc@Adimen=\dimen141
\calc@Bdimen=\dimen142
\calc@Askip=\skip50
\calc@Bskip=\skip51
LaTeX Info: Redefining \setlength on input line 80.
LaTeX Info: Redefining \addtolength on input line 81.
\calc@Ccount=\count195
\calc@Cskip=\skip52
) (/Users/quinnwhite/Library/TinyTeX/texmf-dist/tex/latex/tools/indentfirst.sty
Package: indentfirst 1995/11/23 v1.03 Indent first paragraph (DPC)
) (/Users/quinnwhite/Library/TinyTeX/texmf-dist/tex/latex/fancyhdr/fancyhdr.sty
Package: fancyhdr 2022/11/09 v4.1 Extensive control of page headers and footers
\f@nch@headwidth=\skip53
\f@nch@O@elh=\skip54
\f@nch@O@erh=\skip55
\f@nch@O@olh=\skip56
\f@nch@O@orh=\skip57
\f@nch@O@elf=\skip58
\f@nch@O@erf=\skip59
\f@nch@O@olf=\skip60
\f@nch@O@orf=\skip61
) (/Users/quinnwhite/Library/TinyTeX/texmf-dist/tex/latex/graphics/graphicx.sty
Package: graphicx 2021/09/16 v1.2d Enhanced LaTeX Graphics (DPC,SPQR)
(/Users/quinnwhite/Library/TinyTeX/texmf-dist/tex/latex/graphics/keyval.sty
Package: keyval 2022/05/29 v1.15 key=value parser (DPC)
\KV@toks@=\toks18
) (/Users/quinnwhite/Library/TinyTeX/texmf-dist/tex/latex/graphics/graphics.sty
Package: graphics 2022/03/10 v1.4e Standard LaTeX Graphics (DPC,SPQR)
(/Users/quinnwhite/Library/TinyTeX/texmf-dist/tex/latex/graphics/trig.sty
Package: trig 2021/08/11 v1.11 sin cos tan (DPC)
) (/Users/quinnwhite/Library/TinyTeX/texmf-dist/tex/latex/graphics-cfg/graphics.cfg
File: graphics.cfg 2016/06/04 v1.11 sample graphics configuration
)
Package graphics Info: Driver file: pdftex.def on input line 107.
(/Users/quinnwhite/Library/TinyTeX/texmf-dist/tex/latex/graphics-def/pdftex.def
File: pdftex.def 2022/09/22 v1.2b Graphics/color driver for pdftex
))
\Gin@req@height=\dimen143
\Gin@req@width=\dimen144
) (/Users/quinnwhite/Library/TinyTeX/texmf-dist/tex/latex/epstopdf-pkg/epstopdf.sty
Package: epstopdf 2020-01-24 v2.11 Conversion with epstopdf on the fly (HO)
(/Users/quinnwhite/Library/TinyTeX/texmf-dist/tex/generic/infwarerr/infwarerr.sty
Package: infwarerr 2019/12/03 v1.5 Providing info/warning/error messages (HO)
) (/Users/quinnwhite/Library/TinyTeX/texmf-dist/tex/latex/grfext/grfext.sty
Package: grfext 2019/12/03 v1.3 Manage graphics extensions (HO)
(/Users/quinnwhite/Library/TinyTeX/texmf-dist/tex/generic/kvdefinekeys/kvdefinekeys.sty
Package: kvdefinekeys 2019-12-19 v1.6 Define keys (HO)
)) (/Users/quinnwhite/Library/TinyTeX/texmf-dist/tex/latex/kvoptions/kvoptions.sty
Package: kvoptions 2022-06-15 v3.15 Key value format for package options (HO)
(/Users/quinnwhite/Library/TinyTeX/texmf-dist/tex/generic/ltxcmds/ltxcmds.sty
Package: ltxcmds 2020-05-10 v1.25 LaTeX kernel commands for general use (HO)
) (/Users/quinnwhite/Library/TinyTeX/texmf-dist/tex/latex/kvsetkeys/kvsetkeys.sty
Package: kvsetkeys 2022-10-05 v1.19 Key value parser (HO)
)) (/Users/quinnwhite/Library/TinyTeX/texmf-dist/tex/generic/pdftexcmds/pdftexcmds.sty
Package: pdftexcmds 2020-06-27 v0.33 Utility functions of pdfTeX for LuaTeX (HO)
(/Users/quinnwhite/Library/TinyTeX/texmf-dist/tex/generic/iftex/iftex.sty
Package: iftex 2022/02/03 v1.0f TeX engine tests
)
Package pdftexcmds Info: \pdf@primitive is available.
Package pdftexcmds Info: \pdf@ifprimitive is available.
Package pdftexcmds Info: \pdfdraftmode found.
) (/Users/quinnwhite/Library/TinyTeX/texmf-dist/tex/latex/epstopdf-pkg/epstopdf-base.sty
Package: epstopdf-base 2020-01-24 v2.11 Base part for package epstopdf
Package epstopdf-base Info: Redefining graphics rule for `.eps' on input line 485.
Package grfext Info: Graphics extension search list:
(grfext)             [.pdf,.png,.jpg,.mps,.jpeg,.jbig2,.jb2,.PDF,.PNG,.JPG,.JPEG,.JBIG2,.JB2,.eps]
(grfext)             \AppendGraphicsExtensions on input line 504.
(/Users/quinnwhite/Library/TinyTeX/texmf-dist/tex/latex/latexconfig/epstopdf-sys.cfg
File: epstopdf-sys.cfg 2010/07/13 v1.3 Configuration of (r)epstopdf for TeX Live
))) (/Users/quinnwhite/Library/TinyTeX/texmf-dist/tex/latex/lastpage/lastpage.sty
Package: lastpage 2023/04/12 v2.0b lastpage: 2.09 or 2e? (HMM)
(/Users/quinnwhite/Library/TinyTeX/texmf-dist/tex/latex/lastpage/lastpage2e.sty
Package: lastpage2e 2023/04/12 v2.0b Decide which 2e lastpage version to use (HMM)
(/Users/quinnwhite/Library/TinyTeX/texmf-dist/tex/latex/lastpage/lastpagemodern.sty
Package: lastpagemodern 2023-04-12 v2.0b Refers to last page's name (HMM; JPG)
) 
)) (/Users/quinnwhite/Library/TinyTeX/texmf-dist/tex/latex/base/ifthen.sty
Package: ifthen 2022/04/13 v1.1d Standard LaTeX ifthen package (DPC)
) (/Users/quinnwhite/Library/TinyTeX/texmf-dist/tex/latex/lineno/lineno.sty
Package: lineno 2023/01/19 line numbers on paragraphs v5.1
\linenopenalty=\count196
\output=\toks19
\linenoprevgraf=\count197
\linenumbersep=\dimen145
\linenumberwidth=\dimen146
\c@linenumber=\count198
\c@pagewiselinenumber=\count199
\c@LN@truepage=\count266
\c@internallinenumber=\count267
\c@internallinenumbers=\count268
\quotelinenumbersep=\dimen147
\bframerule=\dimen148
\bframesep=\dimen149
\bframebox=\box51
(/Users/quinnwhite/Library/TinyTeX/texmf-dist/tex/latex/etoolbox/etoolbox.sty
Package: etoolbox 2020/10/05 v2.5k e-TeX tools for LaTeX (JAW)
\etb@tempcnta=\count269
)
LaTeX Info: Redefining \\ on input line 3131.
) (/Users/quinnwhite/Library/TinyTeX/texmf-dist/tex/latex/float/float.sty
Package: float 2001/11/08 v1.3d Float enhancements (AL)
\c@float@type=\count270
\float@exts=\toks20
\float@box=\box52
\@float@everytoks=\toks21
\@floatcapt=\box53
) (/Users/quinnwhite/Library/TinyTeX/texmf-dist/tex/latex/amsmath/amsmath.sty
Package: amsmath 2022/04/08 v2.17n AMS math features
\@mathmargin=\skip62
For additional information on amsmath, use the `?' option.
(/Users/quinnwhite/Library/TinyTeX/texmf-dist/tex/latex/amsmath/amstext.sty
Package: amstext 2021/08/26 v2.01 AMS text
(/Users/quinnwhite/Library/TinyTeX/texmf-dist/tex/latex/amsmath/amsgen.sty
File: amsgen.sty 1999/11/30 v2.0 generic functions
\@emptytoks=\toks22
\ex@=\dimen150
)) (/Users/quinnwhite/Library/TinyTeX/texmf-dist/tex/latex/amsmath/amsbsy.sty
Package: amsbsy 1999/11/29 v1.2d Bold Symbols
\pmbraise@=\dimen151
) (/Users/quinnwhite/Library/TinyTeX/texmf-dist/tex/latex/amsmath/amsopn.sty
Package: amsopn 2022/04/08 v2.04 operator names
)
\inf@bad=\count271
LaTeX Info: Redefining \frac on input line 234.
\uproot@=\count272
\leftroot@=\count273
LaTeX Info: Redefining \overline on input line 399.
LaTeX Info: Redefining \colon on input line 410.
\classnum@=\count274
\DOTSCASE@=\count275
LaTeX Info: Redefining \ldots on input line 496.
LaTeX Info: Redefining \dots on input line 499.
LaTeX Info: Redefining \cdots on input line 620.
\Mathstrutbox@=\box54
\strutbox@=\box55
LaTeX Info: Redefining \big on input line 722.
LaTeX Info: Redefining \Big on input line 723.
LaTeX Info: Redefining \bigg on input line 724.
LaTeX Info: Redefining \Bigg on input line 725.
\big@size=\dimen152
LaTeX Font Info:    Redeclaring font encoding OML on input line 743.
LaTeX Font Info:    Redeclaring font encoding OMS on input line 744.
\macc@depth=\count276
LaTeX Info: Redefining \bmod on input line 905.
LaTeX Info: Redefining \pmod on input line 910.
LaTeX Info: Redefining \smash on input line 940.
LaTeX Info: Redefining \relbar on input line 970.
LaTeX Info: Redefining \Relbar on input line 971.
\c@MaxMatrixCols=\count277
\dotsspace@=\muskip16
\c@parentequation=\count278
\dspbrk@lvl=\count279
\tag@help=\toks23
\row@=\count280
\column@=\count281
\maxfields@=\count282
\andhelp@=\toks24
\eqnshift@=\dimen153
\alignsep@=\dimen154
\tagshift@=\dimen155
\tagwidth@=\dimen156
\totwidth@=\dimen157
\lineht@=\dimen158
\@envbody=\toks25
\multlinegap=\skip63
\multlinetaggap=\skip64
\mathdisplay@stack=\toks26
LaTeX Info: Redefining \[ on input line 2953.
LaTeX Info: Redefining \] on input line 2954.
)
\linenoamsmath@ams@eqpen=\count283
(/Users/quinnwhite/Library/TinyTeX/texmf-dist/tex/latex/setspace/setspace.sty
Package: setspace 2022/12/04 v6.7b set line spacing
) (/Users/quinnwhite/Library/TinyTeX/texmf-dist/tex/latex/enumitem/enumitem.sty
Package: enumitem 2019/06/20 v3.9 Customized lists
\labelindent=\skip65
\enit@outerparindent=\dimen159
\enit@toks=\toks27
\enit@inbox=\box56
\enit@count@id=\count284
\enitdp@description=\count285
) (/Users/quinnwhite/Library/TinyTeX/texmf-dist/tex/latex/psnfss/mathpazo.sty
Package: mathpazo 2020/03/25 PSNFSS-v9.3 Palatino w/ Pazo Math (D.Puga, WaS) 
\symupright=\mathgroup4
) (/Users/quinnwhite/Library/TinyTeX/texmf-dist/tex/latex/booktabs/booktabs.sty
Package: booktabs 2020/01/12 v1.61803398 Publication quality tables
\heavyrulewidth=\dimen160
\lightrulewidth=\dimen161
\cmidrulewidth=\dimen162
\belowrulesep=\dimen163
\belowbottomsep=\dimen164
\aboverulesep=\dimen165
\abovetopsep=\dimen166
\cmidrulesep=\dimen167
\cmidrulekern=\dimen168
\defaultaddspace=\dimen169
\@cmidla=\count286
\@cmidlb=\count287
\@aboverulesep=\dimen170
\@belowrulesep=\dimen171
\@thisruleclass=\count288
\@lastruleclass=\count289
\@thisrulewidth=\dimen172
) (/Users/quinnwhite/Library/TinyTeX/texmf-dist/tex/latex/titlesec/titlesec.sty
Package: titlesec 2021/07/05 v2.14 Sectioning titles
\ttl@box=\box57
\beforetitleunit=\skip66
\aftertitleunit=\skip67
\ttl@plus=\dimen173
\ttl@minus=\dimen174
\ttl@toksa=\toks28
\titlewidth=\dimen175
\titlewidthlast=\dimen176
\titlewidthfirst=\dimen177
) (/Users/quinnwhite/Library/TinyTeX/texmf-dist/tex/latex/tabto-ltx/tabto.sty
Package: tabto 2018/12/28  v 1.4  Another tabbing mechanism
\CurrentLineWidth=\dimen178
\TabPrevPos=\dimen179
) (/Users/quinnwhite/Library/TinyTeX/texmf-dist/tex/latex/xcolor/xcolor.sty
Package: xcolor 2022/06/12 v2.14 LaTeX color extensions (UK)
(/Users/quinnwhite/Library/TinyTeX/texmf-dist/tex/latex/graphics-cfg/color.cfg
File: color.cfg 2016/01/02 v1.6 sample color configuration
)
Package xcolor Info: Driver file: pdftex.def on input line 227.
(/Users/quinnwhite/Library/TinyTeX/texmf-dist/tex/latex/colortbl/colortbl.sty
Package: colortbl 2022/06/20 v1.0f Color table columns (DPC)
(/Users/quinnwhite/Library/TinyTeX/texmf-dist/tex/latex/tools/array.sty
Package: array 2022/09/04 v2.5g Tabular extension package (FMi)
\col@sep=\dimen180
\ar@mcellbox=\box58
\extrarowheight=\dimen181
\NC@list=\toks29
\extratabsurround=\skip68
\backup@length=\skip69
\ar@cellbox=\box59
)
\everycr=\toks30
\minrowclearance=\skip70
\rownum=\count290
) (/Users/quinnwhite/Library/TinyTeX/texmf-dist/tex/latex/graphics/mathcolor.ltx)
Package xcolor Info: Model `cmy' substituted by `cmy0' on input line 1353.
Package xcolor Info: Model `hsb' substituted by `rgb' on input line 1357.
Package xcolor Info: Model `RGB' extended on input line 1369.
Package xcolor Info: Model `HTML' substituted by `rgb' on input line 1371.
Package xcolor Info: Model `Hsb' substituted by `hsb' on input line 1372.
Package xcolor Info: Model `tHsb' substituted by `hsb' on input line 1373.
Package xcolor Info: Model `HSB' substituted by `hsb' on input line 1374.
Package xcolor Info: Model `Gray' substituted by `gray' on input line 1375.
Package xcolor Info: Model `wave' substituted by `hsb' on input line 1376.
) (/Users/quinnwhite/Library/TinyTeX/texmf-dist/tex/generic/soul/soul.sty
Package: soul 2023-02-18 v3.0 Permit use of UTF-8 characters in soul (HO)
(/Users/quinnwhite/Library/TinyTeX/texmf-dist/tex/generic/soul/soul-ori.sty
Package: soul-ori 2023-02-18 v3.0 letterspacing/underlining (mf)
\SOUL@word=\toks31
\SOUL@lasttoken=\toks32
\SOUL@syllable=\toks33
\SOUL@cmds=\toks34
\SOUL@buffer=\toks35
\SOUL@token=\toks36
\SOUL@syllgoal=\dimen182
\SOUL@syllwidth=\dimen183
\SOUL@charkern=\dimen184
\SOUL@hyphkern=\dimen185
\SOUL@dimen=\dimen186
\SOUL@dimeni=\dimen187
\SOUL@minus=\count291
\SOUL@comma=\count292
\SOUL@apo=\count293
\SOUL@grave=\count294
\SOUL@spaceskip=\skip71
\SOUL@ttwidth=\dimen188
\SOUL@uldp=\dimen189
\SOUL@ulht=\dimen190
) (/Users/quinnwhite/Library/TinyTeX/texmf-dist/tex/generic/etexcmds/etexcmds.sty
Package: etexcmds 2019/12/15 v1.7 Avoid name clashes with e-TeX commands (HO)
)) (/Users/quinnwhite/Library/TinyTeX/texmf-dist/tex/latex/multirow/multirow.sty
Package: multirow 2021/03/15 v2.8 Span multiple rows of a table
\multirow@colwidth=\skip72
\multirow@cntb=\count295
\multirow@dima=\skip73
\bigstrutjot=\dimen191
) (/Users/quinnwhite/Library/TinyTeX/texmf-dist/tex/latex/microtype/microtype.sty
Package: microtype 2023/03/13 v3.1a Micro-typographical refinements (RS)
\MT@toks=\toks37
\MT@tempbox=\box60
\MT@count=\count296
LaTeX Info: Redefining \noprotrusionifhmode on input line 1059.
LaTeX Info: Redefining \leftprotrusion on input line 1060.
\MT@prot@toks=\toks38
LaTeX Info: Redefining \rightprotrusion on input line 1078.
LaTeX Info: Redefining \textls on input line 1368.
\MT@outer@kern=\dimen192
LaTeX Info: Redefining \textmicrotypecontext on input line 1988.
\MT@listname@count=\count297
(/Users/quinnwhite/Library/TinyTeX/texmf-dist/tex/latex/microtype/microtype-pdftex.def
File: microtype-pdftex.def 2023/03/13 v3.1a Definitions specific to pdftex (RS)
LaTeX Info: Redefining \lsstyle on input line 902.
LaTeX Info: Redefining \lslig on input line 902.
\MT@outer@space=\skip74
)
Package microtype Info: Loading configuration file microtype.cfg.
(/Users/quinnwhite/Library/TinyTeX/texmf-dist/tex/latex/microtype/microtype.cfg
File: microtype.cfg 2023/03/13 v3.1a microtype main configuration file (RS)
)) (/Users/quinnwhite/Library/TinyTeX/texmf-dist/tex/latex/pgf/frontendlayer/tikz.sty (/Users/quinnwhite/Library/TinyTeX/texmf-dist/tex/latex/pgf/basiclayer/pgf.sty (/Users/quinnwhite/Library/TinyTeX/texmf-dist/tex/latex/pgf/utilities/pgfrcs.sty (/Users/quinnwhite/Library/TinyTeX/texmf-dist/tex/generic/pgf/utilities/pgfutil-common.tex
\pgfutil@everybye=\toks39
\pgfutil@tempdima=\dimen193
\pgfutil@tempdimb=\dimen194
) (/Users/quinnwhite/Library/TinyTeX/texmf-dist/tex/generic/pgf/utilities/pgfutil-latex.def
\pgfutil@abb=\box61
) (/Users/quinnwhite/Library/TinyTeX/texmf-dist/tex/generic/pgf/utilities/pgfrcs.code.tex (/Users/quinnwhite/Library/TinyTeX/texmf-dist/tex/generic/pgf/pgf.revision.tex)
Package: pgfrcs 2023-01-15 v3.1.10 (3.1.10)
))
Package: pgf 2023-01-15 v3.1.10 (3.1.10)
(/Users/quinnwhite/Library/TinyTeX/texmf-dist/tex/latex/pgf/basiclayer/pgfcore.sty (/Users/quinnwhite/Library/TinyTeX/texmf-dist/tex/latex/pgf/systemlayer/pgfsys.sty (/Users/quinnwhite/Library/TinyTeX/texmf-dist/tex/generic/pgf/systemlayer/pgfsys.code.tex
Package: pgfsys 2023-01-15 v3.1.10 (3.1.10)
(/Users/quinnwhite/Library/TinyTeX/texmf-dist/tex/generic/pgf/utilities/pgfkeys.code.tex
\pgfkeys@pathtoks=\toks40
\pgfkeys@temptoks=\toks41
(/Users/quinnwhite/Library/TinyTeX/texmf-dist/tex/generic/pgf/utilities/pgfkeyslibraryfiltered.code.tex
\pgfkeys@tmptoks=\toks42
))
\pgf@x=\dimen195
\pgf@y=\dimen196
\pgf@xa=\dimen197
\pgf@ya=\dimen198
\pgf@xb=\dimen199
\pgf@yb=\dimen256
\pgf@xc=\dimen257
\pgf@yc=\dimen258
\pgf@xd=\dimen259
\pgf@yd=\dimen260
\w@pgf@writea=\write3
\r@pgf@reada=\read2
\c@pgf@counta=\count298
\c@pgf@countb=\count299
\c@pgf@countc=\count300
\c@pgf@countd=\count301
\t@pgf@toka=\toks43
\t@pgf@tokb=\toks44
\t@pgf@tokc=\toks45
\pgf@sys@id@count=\count302
(/Users/quinnwhite/Library/TinyTeX/texmf-dist/tex/generic/pgf/systemlayer/pgf.cfg
File: pgf.cfg 2023-01-15 v3.1.10 (3.1.10)
)
Driver file for pgf: pgfsys-pdftex.def
(/Users/quinnwhite/Library/TinyTeX/texmf-dist/tex/generic/pgf/systemlayer/pgfsys-pdftex.def
File: pgfsys-pdftex.def 2023-01-15 v3.1.10 (3.1.10)
(/Users/quinnwhite/Library/TinyTeX/texmf-dist/tex/generic/pgf/systemlayer/pgfsys-common-pdf.def
File: pgfsys-common-pdf.def 2023-01-15 v3.1.10 (3.1.10)
))) (/Users/quinnwhite/Library/TinyTeX/texmf-dist/tex/generic/pgf/systemlayer/pgfsyssoftpath.code.tex
File: pgfsyssoftpath.code.tex 2023-01-15 v3.1.10 (3.1.10)
\pgfsyssoftpath@smallbuffer@items=\count303
\pgfsyssoftpath@bigbuffer@items=\count304
) (/Users/quinnwhite/Library/TinyTeX/texmf-dist/tex/generic/pgf/systemlayer/pgfsysprotocol.code.tex
File: pgfsysprotocol.code.tex 2023-01-15 v3.1.10 (3.1.10)
)) (/Users/quinnwhite/Library/TinyTeX/texmf-dist/tex/generic/pgf/basiclayer/pgfcore.code.tex
Package: pgfcore 2023-01-15 v3.1.10 (3.1.10)
(/Users/quinnwhite/Library/TinyTeX/texmf-dist/tex/generic/pgf/math/pgfmath.code.tex (/Users/quinnwhite/Library/TinyTeX/texmf-dist/tex/generic/pgf/math/pgfmathutil.code.tex) (/Users/quinnwhite/Library/TinyTeX/texmf-dist/tex/generic/pgf/math/pgfmathparser.code.tex
\pgfmath@dimen=\dimen261
\pgfmath@count=\count305
\pgfmath@box=\box62
\pgfmath@toks=\toks46
\pgfmath@stack@operand=\toks47
\pgfmath@stack@operation=\toks48
) (/Users/quinnwhite/Library/TinyTeX/texmf-dist/tex/generic/pgf/math/pgfmathfunctions.code.tex) (/Users/quinnwhite/Library/TinyTeX/texmf-dist/tex/generic/pgf/math/pgfmathfunctions.basic.code.tex) (/Users/quinnwhite/Library/TinyTeX/texmf-dist/tex/generic/pgf/math/pgfmathfunctions.trigonometric.code.tex) (/Users/quinnwhite/Library/TinyTeX/texmf-dist/tex/generic/pgf/math/pgfmathfunctions.random.code.tex) (/Users/quinnwhite/Library/TinyTeX/texmf-dist/tex/generic/pgf/math/pgfmathfunctions.comparison.code.tex) (/Users/quinnwhite/Library/TinyTeX/texmf-dist/tex/generic/pgf/math/pgfmathfunctions.base.code.tex) (/Users/quinnwhite/Library/TinyTeX/texmf-dist/tex/generic/pgf/math/pgfmathfunctions.round.code.tex) (/Users/quinnwhite/Library/TinyTeX/texmf-dist/tex/generic/pgf/math/pgfmathfunctions.misc.code.tex) (/Users/quinnwhite/Library/TinyTeX/texmf-dist/tex/generic/pgf/math/pgfmathfunctions.integerarithmetics.code.tex) (/Users/quinnwhite/Library/TinyTeX/texmf-dist/tex/generic/pgf/math/pgfmathcalc.code.tex) (/Users/quinnwhite/Library/TinyTeX/texmf-dist/tex/generic/pgf/math/pgfmathfloat.code.tex
\c@pgfmathroundto@lastzeros=\count306
)) (/Users/quinnwhite/Library/TinyTeX/texmf-dist/tex/generic/pgf/math/pgfint.code.tex) (/Users/quinnwhite/Library/TinyTeX/texmf-dist/tex/generic/pgf/basiclayer/pgfcorepoints.code.tex
File: pgfcorepoints.code.tex 2023-01-15 v3.1.10 (3.1.10)
\pgf@picminx=\dimen262
\pgf@picmaxx=\dimen263
\pgf@picminy=\dimen264
\pgf@picmaxy=\dimen265
\pgf@pathminx=\dimen266
\pgf@pathmaxx=\dimen267
\pgf@pathminy=\dimen268
\pgf@pathmaxy=\dimen269
\pgf@xx=\dimen270
\pgf@xy=\dimen271
\pgf@yx=\dimen272
\pgf@yy=\dimen273
\pgf@zx=\dimen274
\pgf@zy=\dimen275
) (/Users/quinnwhite/Library/TinyTeX/texmf-dist/tex/generic/pgf/basiclayer/pgfcorepathconstruct.code.tex
File: pgfcorepathconstruct.code.tex 2023-01-15 v3.1.10 (3.1.10)
\pgf@path@lastx=\dimen276
\pgf@path@lasty=\dimen277
) (/Users/quinnwhite/Library/TinyTeX/texmf-dist/tex/generic/pgf/basiclayer/pgfcorepathusage.code.tex
File: pgfcorepathusage.code.tex 2023-01-15 v3.1.10 (3.1.10)
\pgf@shorten@end@additional=\dimen278
\pgf@shorten@start@additional=\dimen279
) (/Users/quinnwhite/Library/TinyTeX/texmf-dist/tex/generic/pgf/basiclayer/pgfcorescopes.code.tex
File: pgfcorescopes.code.tex 2023-01-15 v3.1.10 (3.1.10)
\pgfpic=\box63
\pgf@hbox=\box64
\pgf@layerbox@main=\box65
\pgf@picture@serial@count=\count307
) (/Users/quinnwhite/Library/TinyTeX/texmf-dist/tex/generic/pgf/basiclayer/pgfcoregraphicstate.code.tex
File: pgfcoregraphicstate.code.tex 2023-01-15 v3.1.10 (3.1.10)
\pgflinewidth=\dimen280
) (/Users/quinnwhite/Library/TinyTeX/texmf-dist/tex/generic/pgf/basiclayer/pgfcoretransformations.code.tex
File: pgfcoretransformations.code.tex 2023-01-15 v3.1.10 (3.1.10)
\pgf@pt@x=\dimen281
\pgf@pt@y=\dimen282
\pgf@pt@temp=\dimen283
) (/Users/quinnwhite/Library/TinyTeX/texmf-dist/tex/generic/pgf/basiclayer/pgfcorequick.code.tex
File: pgfcorequick.code.tex 2023-01-15 v3.1.10 (3.1.10)
) (/Users/quinnwhite/Library/TinyTeX/texmf-dist/tex/generic/pgf/basiclayer/pgfcoreobjects.code.tex
File: pgfcoreobjects.code.tex 2023-01-15 v3.1.10 (3.1.10)
) (/Users/quinnwhite/Library/TinyTeX/texmf-dist/tex/generic/pgf/basiclayer/pgfcorepathprocessing.code.tex
File: pgfcorepathprocessing.code.tex 2023-01-15 v3.1.10 (3.1.10)
) (/Users/quinnwhite/Library/TinyTeX/texmf-dist/tex/generic/pgf/basiclayer/pgfcorearrows.code.tex
File: pgfcorearrows.code.tex 2023-01-15 v3.1.10 (3.1.10)
\pgfarrowsep=\dimen284
) (/Users/quinnwhite/Library/TinyTeX/texmf-dist/tex/generic/pgf/basiclayer/pgfcoreshade.code.tex
File: pgfcoreshade.code.tex 2023-01-15 v3.1.10 (3.1.10)
\pgf@max=\dimen285
\pgf@sys@shading@range@num=\count308
\pgf@shadingcount=\count309
) (/Users/quinnwhite/Library/TinyTeX/texmf-dist/tex/generic/pgf/basiclayer/pgfcoreimage.code.tex
File: pgfcoreimage.code.tex 2023-01-15 v3.1.10 (3.1.10)
) (/Users/quinnwhite/Library/TinyTeX/texmf-dist/tex/generic/pgf/basiclayer/pgfcoreexternal.code.tex
File: pgfcoreexternal.code.tex 2023-01-15 v3.1.10 (3.1.10)
\pgfexternal@startupbox=\box66
) (/Users/quinnwhite/Library/TinyTeX/texmf-dist/tex/generic/pgf/basiclayer/pgfcorelayers.code.tex
File: pgfcorelayers.code.tex 2023-01-15 v3.1.10 (3.1.10)
) (/Users/quinnwhite/Library/TinyTeX/texmf-dist/tex/generic/pgf/basiclayer/pgfcoretransparency.code.tex
File: pgfcoretransparency.code.tex 2023-01-15 v3.1.10 (3.1.10)
) (/Users/quinnwhite/Library/TinyTeX/texmf-dist/tex/generic/pgf/basiclayer/pgfcorepatterns.code.tex
File: pgfcorepatterns.code.tex 2023-01-15 v3.1.10 (3.1.10)
) (/Users/quinnwhite/Library/TinyTeX/texmf-dist/tex/generic/pgf/basiclayer/pgfcorerdf.code.tex
File: pgfcorerdf.code.tex 2023-01-15 v3.1.10 (3.1.10)
))) (/Users/quinnwhite/Library/TinyTeX/texmf-dist/tex/generic/pgf/modules/pgfmoduleshapes.code.tex
File: pgfmoduleshapes.code.tex 2023-01-15 v3.1.10 (3.1.10)
\pgfnodeparttextbox=\box67
) (/Users/quinnwhite/Library/TinyTeX/texmf-dist/tex/generic/pgf/modules/pgfmoduleplot.code.tex
File: pgfmoduleplot.code.tex 2023-01-15 v3.1.10 (3.1.10)
) (/Users/quinnwhite/Library/TinyTeX/texmf-dist/tex/latex/pgf/compatibility/pgfcomp-version-0-65.sty
Package: pgfcomp-version-0-65 2023-01-15 v3.1.10 (3.1.10)
\pgf@nodesepstart=\dimen286
\pgf@nodesepend=\dimen287
) (/Users/quinnwhite/Library/TinyTeX/texmf-dist/tex/latex/pgf/compatibility/pgfcomp-version-1-18.sty
Package: pgfcomp-version-1-18 2023-01-15 v3.1.10 (3.1.10)
)) (/Users/quinnwhite/Library/TinyTeX/texmf-dist/tex/latex/pgf/utilities/pgffor.sty (/Users/quinnwhite/Library/TinyTeX/texmf-dist/tex/latex/pgf/utilities/pgfkeys.sty (/Users/quinnwhite/Library/TinyTeX/texmf-dist/tex/generic/pgf/utilities/pgfkeys.code.tex)) (/Users/quinnwhite/Library/TinyTeX/texmf-dist/tex/latex/pgf/math/pgfmath.sty (/Users/quinnwhite/Library/TinyTeX/texmf-dist/tex/generic/pgf/math/pgfmath.code.tex)) (/Users/quinnwhite/Library/TinyTeX/texmf-dist/tex/generic/pgf/utilities/pgffor.code.tex
Package: pgffor 2023-01-15 v3.1.10 (3.1.10)
\pgffor@iter=\dimen288
\pgffor@skip=\dimen289
\pgffor@stack=\toks49
\pgffor@toks=\toks50
)) (/Users/quinnwhite/Library/TinyTeX/texmf-dist/tex/generic/pgf/frontendlayer/tikz/tikz.code.tex
Package: tikz 2023-01-15 v3.1.10 (3.1.10)
(/Users/quinnwhite/Library/TinyTeX/texmf-dist/tex/generic/pgf/libraries/pgflibraryplothandlers.code.tex
File: pgflibraryplothandlers.code.tex 2023-01-15 v3.1.10 (3.1.10)
\pgf@plot@mark@count=\count310
\pgfplotmarksize=\dimen290
)
\tikz@lastx=\dimen291
\tikz@lasty=\dimen292
\tikz@lastxsaved=\dimen293
\tikz@lastysaved=\dimen294
\tikz@lastmovetox=\dimen295
\tikz@lastmovetoy=\dimen296
\tikzleveldistance=\dimen297
\tikzsiblingdistance=\dimen298
\tikz@figbox=\box68
\tikz@figbox@bg=\box69
\tikz@tempbox=\box70
\tikz@tempbox@bg=\box71
\tikztreelevel=\count311
\tikznumberofchildren=\count312
\tikznumberofcurrentchild=\count313
\tikz@fig@count=\count314
(/Users/quinnwhite/Library/TinyTeX/texmf-dist/tex/generic/pgf/modules/pgfmodulematrix.code.tex
File: pgfmodulematrix.code.tex 2023-01-15 v3.1.10 (3.1.10)
\pgfmatrixcurrentrow=\count315
\pgfmatrixcurrentcolumn=\count316
\pgf@matrix@numberofcolumns=\count317
)
\tikz@expandcount=\count318
(/Users/quinnwhite/Library/TinyTeX/texmf-dist/tex/generic/pgf/frontendlayer/tikz/libraries/tikzlibrarytopaths.code.tex
File: tikzlibrarytopaths.code.tex 2023-01-15 v3.1.10 (3.1.10)
))) (/Users/quinnwhite/Library/TinyTeX/texmf-dist/tex/latex/totcount/totcount.sty
Package: totcount 2011/01/25 v1.2 package for gettingthe total value of LaTeX counters
) (./journalnames.tex) (/Users/quinnwhite/Library/TinyTeX/texmf-dist/tex/latex/amscls/amsthm.sty
Package: amsthm 2020/05/29 v2.20.6
\thm@style=\toks51
\thm@bodyfont=\toks52
\thm@headfont=\toks53
\thm@notefont=\toks54
\thm@headpunct=\toks55
\thm@preskip=\skip75
\thm@postskip=\skip76
\thm@headsep=\skip77
\dth@everypar=\toks56
)
\c@theorem=\count319
\c@lemma=\count320
\c@corollary=\count321
\c@proposition=\count322
\c@characterization=\count323
\c@property=\count324
\c@problem=\count325
\c@example=\count326
\c@examplesanddefinitions=\count327
\c@remark=\count328
\c@definition=\count329
\c@hypothesis=\count330
\c@notation=\count331
(/Users/quinnwhite/Library/TinyTeX/texmf-dist/tex/latex/hyphenat/hyphenat.sty
Package: hyphenat 2009/09/02 v2.3c hyphenation utilities
\langwohyphens=\language5
LaTeX Info: Redefining \_ on input line 43.
) (/Users/quinnwhite/Library/TinyTeX/texmf-dist/tex/latex/natbib/natbib.sty
Package: natbib 2010/09/13 8.31b (PWD, AO)
\bibhang=\skip78
\bibsep=\skip79
LaTeX Info: Redefining \cite on input line 694.
\c@NAT@ctr=\count332
) (/Users/quinnwhite/Library/TinyTeX/texmf-dist/tex/latex/hyperref/hyperref.sty
Package: hyperref 2023-04-22 v7.00x Hypertext links for LaTeX
(/Users/quinnwhite/Library/TinyTeX/texmf-dist/tex/generic/pdfescape/pdfescape.sty
Package: pdfescape 2019/12/09 v1.15 Implements pdfTeX's escape features (HO)
) (/Users/quinnwhite/Library/TinyTeX/texmf-dist/tex/latex/hycolor/hycolor.sty
Package: hycolor 2020-01-27 v1.10 Color options for hyperref/bookmark (HO)
) (/Users/quinnwhite/Library/TinyTeX/texmf-dist/tex/latex/letltxmacro/letltxmacro.sty
Package: letltxmacro 2019/12/03 v1.6 Let assignment for LaTeX macros (HO)
) (/Users/quinnwhite/Library/TinyTeX/texmf-dist/tex/latex/auxhook/auxhook.sty
Package: auxhook 2019-12-17 v1.6 Hooks for auxiliary files (HO)
) (/Users/quinnwhite/Library/TinyTeX/texmf-dist/tex/latex/hyperref/nameref.sty
Package: nameref 2022-05-17 v2.50 Cross-referencing by name of section
(/Users/quinnwhite/Library/TinyTeX/texmf-dist/tex/latex/refcount/refcount.sty
Package: refcount 2019/12/15 v3.6 Data extraction from label references (HO)
) (/Users/quinnwhite/Library/TinyTeX/texmf-dist/tex/generic/gettitlestring/gettitlestring.sty
Package: gettitlestring 2019/12/15 v1.6 Cleanup title references (HO)
)
\c@section@level=\count333
)
\@linkdim=\dimen299
\Hy@linkcounter=\count334
\Hy@pagecounter=\count335
(/Users/quinnwhite/Library/TinyTeX/texmf-dist/tex/latex/hyperref/pd1enc.def
File: pd1enc.def 2023-04-22 v7.00x Hyperref: PDFDocEncoding definition (HO)
Now handling font encoding PD1 ...
... no UTF-8 mapping file for font encoding PD1
) (/Users/quinnwhite/Library/TinyTeX/texmf-dist/tex/generic/intcalc/intcalc.sty
Package: intcalc 2019/12/15 v1.3 Expandable calculations with integers (HO)
)
\Hy@SavedSpaceFactor=\count336
(/Users/quinnwhite/Library/TinyTeX/texmf-dist/tex/latex/hyperref/puenc.def
File: puenc.def 2023-04-22 v7.00x Hyperref: PDF Unicode definition (HO)
Now handling font encoding PU ...
... no UTF-8 mapping file for font encoding PU
)
Package hyperref Info: Option `unicode' set `true' on input line 4065.
Package hyperref Info: Option `bookmarksopen' set `true' on input line 4065.
Package hyperref Info: Option `pdffitwindow' set `true' on input line 4065.
Package hyperref Info: Option `colorlinks' set `true' on input line 4065.
Package hyperref Info: Option `hyperfootnotes' set `false' on input line 4065.
Package hyperref Info: Hyper figures OFF on input line 4182.
Package hyperref Info: Link nesting OFF on input line 4187.
Package hyperref Info: Hyper index ON on input line 4190.
Package hyperref Info: Plain pages OFF on input line 4197.
Package hyperref Info: Backreferencing OFF on input line 4202.
Package hyperref Info: Implicit mode ON; LaTeX internals redefined.
Package hyperref Info: Bookmarks ON on input line 4449.
\c@Hy@tempcnt=\count337
(/Users/quinnwhite/Library/TinyTeX/texmf-dist/tex/latex/url/url.sty
\Urlmuskip=\muskip17
Package: url 2013/09/16  ver 3.4  Verb mode for urls, etc.
)
LaTeX Info: Redefining \url on input line 4787.
\XeTeXLinkMargin=\dimen300
(/Users/quinnwhite/Library/TinyTeX/texmf-dist/tex/generic/bitset/bitset.sty
Package: bitset 2019/12/09 v1.3 Handle bit-vector datatype (HO)
(/Users/quinnwhite/Library/TinyTeX/texmf-dist/tex/generic/bigintcalc/bigintcalc.sty
Package: bigintcalc 2019/12/15 v1.5 Expandable calculations on big integers (HO)
))
\Fld@menulength=\count338
\Field@Width=\dimen301
\Fld@charsize=\dimen302
Package hyperref Info: Hyper figures OFF on input line 6066.
Package hyperref Info: Link nesting OFF on input line 6071.
Package hyperref Info: Hyper index ON on input line 6074.
Package hyperref Info: backreferencing OFF on input line 6081.
Package hyperref Info: Link coloring ON on input line 6084.
Package hyperref Info: Link coloring with OCG OFF on input line 6091.
Package hyperref Info: PDF/A mode OFF on input line 6096.
(/Users/quinnwhite/Library/TinyTeX/texmf-dist/tex/latex/base/atbegshi-ltx.sty
Package: atbegshi-ltx 2021/01/10 v1.0c Emulation of the original atbegshi
package with kernel methods
)
\Hy@abspage=\count339
\c@Item=\count340
)
Package hyperref Info: Driver: hpdftex.
(/Users/quinnwhite/Library/TinyTeX/texmf-dist/tex/latex/hyperref/hpdftex.def
File: hpdftex.def 2023-04-22 v7.00x Hyperref driver for pdfTeX
(/Users/quinnwhite/Library/TinyTeX/texmf-dist/tex/latex/base/atveryend-ltx.sty
Package: atveryend-ltx 2020/08/19 v1.0a Emulation of the original atveryend package
with kernel methods
)
\Fld@listcount=\count341
\c@bookmark@seq@number=\count342
(/Users/quinnwhite/Library/TinyTeX/texmf-dist/tex/latex/rerunfilecheck/rerunfilecheck.sty
Package: rerunfilecheck 2022-07-10 v1.10 Rerun checks for auxiliary files (HO)
(/Users/quinnwhite/Library/TinyTeX/texmf-dist/tex/generic/uniquecounter/uniquecounter.sty
Package: uniquecounter 2019/12/15 v1.4 Provide unlimited unique counter (HO)
)
Package uniquecounter Info: New unique counter `rerunfilecheck' on input line 285.
)
\Hy@SectionHShift=\skip80
) (/Users/quinnwhite/Library/TinyTeX/texmf-dist/tex/latex/footmisc/footmisc.sty
Package: footmisc 2022/03/08 v6.0d a miscellany of footnote facilities
\FN@temptoken=\toks57
\footnotemargin=\dimen303
\@outputbox@depth=\dimen304
Package footmisc Info: Declaring symbol style bringhurst on input line 695.
Package footmisc Info: Declaring symbol style chicago on input line 703.
Package footmisc Info: Declaring symbol style wiley on input line 712.
Package footmisc Info: Declaring symbol style lamport-robust on input line 723.
Package footmisc Info: Declaring symbol style lamport* on input line 743.
Package footmisc Info: Declaring symbol style lamport*-robust on input line 764.
)
\c@page@totc=\count343
(/Users/quinnwhite/Library/TinyTeX/texmf-dist/tex/latex/geometry/geometry.sty
Package: geometry 2020/01/02 v5.9 Page Geometry
(/Users/quinnwhite/Library/TinyTeX/texmf-dist/tex/generic/iftex/ifvtex.sty
Package: ifvtex 2019/10/25 v1.7 ifvtex legacy package. Use iftex instead.
)
\Gm@cnth=\count344
\Gm@cntv=\count345
\c@Gm@tempcnt=\count346
\Gm@bindingoffset=\dimen305
\Gm@wd@mp=\dimen306
\Gm@odd@mp=\dimen307
\Gm@even@mp=\dimen308
\Gm@layoutwidth=\dimen309
\Gm@layoutheight=\dimen310
\Gm@layouthoffset=\dimen311
\Gm@layoutvoffset=\dimen312
\Gm@dimlist=\toks58
) (/Users/quinnwhite/Library/TinyTeX/texmf-dist/tex/latex/newfloat/newfloat.sty
Package: newfloat 2019/09/02 v1.1l Defining new floating environments (AR)
Package newfloat Info: Unsupported document class, or \@chapter 
(newfloat)             was already redefined by another package.
Package newfloat Info: \@chapter = macro:->\def \Hy@next {\Hy@MakeCurrentHrefAuto {\Hy@chapapp *}\Hy@raisedlink {\hyper@anchorstart {\@currentHref }\hyper@anchorend }}\ifnum \c@secnumdepth >\m@ne \ltx@IfUndefined {if@mainmatter}\iftrue {\csname if@mainmatter\endcsname }\let \Hy@next \relax \fi \fi \Hy@next \Hy@org@chapter .
Package newfloat Info: \Hy@org@chapter = macro:[#1]#2->\NR@gettitle {#1}\NR@chapter [{#1}]{#2}.
)
Package newfloat Info: New float `listing' with options `' on input line 967.
\c@listing=\count347
Package newfloat Info: float type `listing'=4 on input line 967.
Package newfloat Info: New float `boxenv' with options `name=Box' on input line 968.
\c@boxenv=\count348
Package newfloat Info: float type `boxenv'=8 on input line 968.
Package newfloat Info: New float `chart' with options `' on input line 969.
\c@chart=\count349
Package newfloat Info: float type `chart'=16 on input line 969.
Package newfloat Info: New float `scheme' with options `' on input line 970.
\c@scheme=\count350
Package newfloat Info: float type `scheme'=32 on input line 970.
(/Users/quinnwhite/Library/TinyTeX/texmf-dist/tex/latex/caption/caption.sty
Package: caption 2023/03/12 v3.6j Customizing captions (AR)
(/Users/quinnwhite/Library/TinyTeX/texmf-dist/tex/latex/caption/caption3.sty
Package: caption3 2023/03/12 v2.4 caption3 kernel (AR)
\caption@tempdima=\dimen313
\captionmargin=\dimen314
\caption@leftmargin=\dimen315
\caption@rightmargin=\dimen316
\caption@width=\dimen317
\caption@indent=\dimen318
\caption@parindent=\dimen319
\caption@hangindent=\dimen320
Package caption Info: Standard document class detected.
)
\c@caption@flags=\count351
\c@continuedfloat=\count352
Package caption Info: float package is loaded.
Package caption Info: hyperref package is loaded.
)
\@justcentbox=\box72
\wideitemsep=\skip81
) (/Users/quinnwhite/Library/TinyTeX/texmf-dist/tex/latex/tools/longtable.sty
Package: longtable 2021-09-01 v4.17 Multi-page Table package (DPC)
\LTleft=\skip82
\LTright=\skip83
\LTpre=\skip84
\LTpost=\skip85
\LTchunksize=\count353
\LTcapwidth=\dimen321
\LT@head=\box73
\LT@firsthead=\box74
\LT@foot=\box75
\LT@lastfoot=\box76
\LT@gbox=\box77
\LT@cols=\count354
\LT@rows=\count355
\c@LT@tables=\count356
\c@LT@chunks=\count357
\LT@p@ftn=\toks59
) (/Users/quinnwhite/Library/TinyTeX/texmf-dist/tex/latex/mdwtools/footnote.sty
Package: footnote 1997/01/28 1.13 Save footnotes around boxes
\fn@notes=\box78
\fn@width=\dimen322
) (/Users/quinnwhite/Library/TinyTeX/texmf-dist/tex/latex/subfig/subfig.sty
Package: subfig 2005/06/28 ver: 1.3 subfig package
\c@KVtest=\count358
\sf@farskip=\skip86
\sf@captopadj=\dimen323
\sf@capskip=\skip87
\sf@nearskip=\skip88
\c@subfigure=\count359
\c@subfigure@save=\count360
\c@lofdepth=\count361
\c@subtable=\count362
\c@subtable@save=\count363
\c@lotdepth=\count364
\sf@top=\skip89
\sf@bottom=\skip90
) (/Users/quinnwhite/Library/TinyTeX/texmf-dist/tex/latex/wrapfig/wrapfig.sty
\wrapoverhang=\dimen324
\WF@size=\dimen325
\c@WF@wrappedlines=\count365
\WF@box=\box79
\WF@everypar=\toks60
Package: wrapfig 2003/01/31  v 3.6
) (/Users/quinnwhite/Library/TinyTeX/texmf-dist/tex/latex/pdflscape/pdflscape.sty
Package: pdflscape 2022-10-27 v0.13 Display of landscape pages in PDF
(/Users/quinnwhite/Library/TinyTeX/texmf-dist/tex/latex/pdflscape/pdflscape-nometadata.sty
Package: pdflscape-nometadata 2022-10-28 v0.13 Display of landscape pages in PDF (HO)
(/Users/quinnwhite/Library/TinyTeX/texmf-dist/tex/latex/graphics/lscape.sty
Package: lscape 2020/05/28 v3.02 Landscape Pages (DPC)
))) (/Users/quinnwhite/Library/TinyTeX/texmf-dist/tex/latex/tabu/tabu.sty
Package: tabu 2019/01/11 v2.9 - flexible LaTeX tabulars (FC+tabu-fixed)
(/Users/quinnwhite/Library/TinyTeX/texmf-dist/tex/latex/varwidth/varwidth.sty
Package: varwidth 2009/03/30 ver 0.92;  Variable-width minipages
\@vwid@box=\box80
\sift@deathcycles=\count366
\@vwid@loff=\dimen326
\@vwid@roff=\dimen327
)
\c@taburow=\count367
\tabu@nbcols=\count368
\tabu@cnt=\count369
\tabu@Xcol=\count370
\tabu@alloc=\count371
\tabu@nested=\count372
\tabu@target=\dimen328
\tabu@spreadtarget=\dimen329
\tabu@naturalX=\dimen330
\tabucolX=\dimen331
\tabu@Xsum=\dimen332
\extrarowdepth=\dimen333
\abovetabulinesep=\dimen334
\belowtabulinesep=\dimen335
\tabustrutrule=\dimen336
\tabu@thebody=\toks61
\tabu@footnotes=\toks62
\tabu@box=\box81
\tabu@arstrutbox=\box82
\tabu@hleads=\box83
\tabu@vleads=\box84
\tabu@cellskip=\skip91
) (/Users/quinnwhite/Library/TinyTeX/texmf-dist/tex/latex/threeparttable/threeparttable.sty
Package: threeparttable 2003/06/13  v 3.0
\@tempboxb=\box85
) (/Users/quinnwhite/Library/TinyTeX/texmf-dist/tex/latex/threeparttablex/threeparttablex.sty
Package: threeparttablex 2013/07/23 v0.3 by daleif
(/Users/quinnwhite/Library/TinyTeX/texmf-dist/tex/latex/environ/environ.sty
Package: environ 2014/05/04 v0.3 A new way to define environments
(/Users/quinnwhite/Library/TinyTeX/texmf-dist/tex/latex/trimspaces/trimspaces.sty
Package: trimspaces 2009/09/17 v1.1 Trim spaces around a token list
))
\TPTL@width=\skip92
) (/Users/quinnwhite/Library/TinyTeX/texmf-dist/tex/generic/ulem/ulem.sty
\UL@box=\box86
\UL@hyphenbox=\box87
\UL@skip=\skip93
\UL@hook=\toks63
\UL@height=\dimen337
\UL@pe=\count373
\UL@pixel=\dimen338
\ULC@box=\box88
Package: ulem 2019/11/18
\ULdepth=\dimen339
) (/Users/quinnwhite/Library/TinyTeX/texmf-dist/tex/latex/makecell/makecell.sty
Package: makecell 2009/08/03 V0.1e Managing of Tab Column Heads and Cells
\rotheadsize=\dimen340
\c@nlinenum=\count374
\TeXr@lab=\toks64
)
LaTeX Font Info:    Trying to load font information for T1+ppl on input line 191.
(/Users/quinnwhite/Library/TinyTeX/texmf-dist/tex/latex/psnfss/t1ppl.fd
File: t1ppl.fd 2001/06/04 font definitions for T1/ppl.
) (/Users/quinnwhite/Library/TinyTeX/texmf-dist/tex/latex/l3backend/l3backend-pdftex.def
File: l3backend-pdftex.def 2023-04-19 L3 backend support: PDF output (pdfTeX)
\l__color_backend_stack_int=\count375
\l__pdf_internal_box=\box89
) (./final_report.aux

LaTeX Warning: Label `fig:miscalc-by-comp' multiply defined.


LaTeX Warning: Label `fig:flat' multiply defined.

)
\openout1 = `final_report.aux'.

LaTeX Font Info:    Checking defaults for OML/cmm/m/it on input line 191.
LaTeX Font Info:    ... okay on input line 191.
LaTeX Font Info:    Checking defaults for OMS/cmsy/m/n on input line 191.
LaTeX Font Info:    ... okay on input line 191.
LaTeX Font Info:    Checking defaults for OT1/cmr/m/n on input line 191.
LaTeX Font Info:    ... okay on input line 191.
LaTeX Font Info:    Checking defaults for T1/cmr/m/n on input line 191.
LaTeX Font Info:    ... okay on input line 191.
LaTeX Font Info:    Checking defaults for TS1/cmr/m/n on input line 191.
LaTeX Font Info:    ... okay on input line 191.
LaTeX Font Info:    Checking defaults for OMX/cmex/m/n on input line 191.
LaTeX Font Info:    ... okay on input line 191.
LaTeX Font Info:    Checking defaults for U/cmr/m/n on input line 191.
LaTeX Font Info:    ... okay on input line 191.
LaTeX Font Info:    Checking defaults for PD1/pdf/m/n on input line 191.
LaTeX Font Info:    ... okay on input line 191.
LaTeX Font Info:    Checking defaults for PU/pdf/m/n on input line 191.
LaTeX Font Info:    ... okay on input line 191.
LaTeX Info: Redefining \microtypecontext on input line 191.
Package microtype Info: Applying patch `item' on input line 191.
Package microtype Info: Applying patch `toc' on input line 191.
Package microtype Info: Applying patch `eqnum' on input line 191.
Package microtype Info: Applying patch `footnote' on input line 191.
Package microtype Info: Applying patch `verbatim' on input line 191.
Package microtype Info: Generating PDF output.
Package microtype Info: Character protrusion enabled (level 2).
Package microtype Info: Using default protrusion set `alltext'.
Package microtype Info: Automatic font expansion enabled (level 2),
(microtype)             stretch: 20, shrink: 20, step: 1, non-selected.
Package microtype Info: Using default expansion set `alltext-nott'.
LaTeX Info: Redefining \showhyphens on input line 191.
Package microtype Info: No adjustment of tracking.
Package microtype Info: No adjustment of interword spacing.
Package microtype Info: No adjustment of character kerning.
(/Users/quinnwhite/Library/TinyTeX/texmf-dist/tex/latex/microtype/mt-ppl.cfg
File: mt-ppl.cfg 2005/11/16 v1.6 microtype config. file: Palatino (RS)
)
\symAMSb=\mathgroup5
Package hyperref Info: Link coloring ON on input line 191.
(./final_report.out) (./final_report.out)
\@outlinefile=\write4
\openout4 = `final_report.out'.

*geometry* detected driver: pdftex
*geometry* verbose mode - [ preamble ] result:
* driver: pdftex
* paper: <default>
* layout: <same size as paper>
* layoutoffset:(h,v)=(0.0pt,0.0pt)
* modes: includehead includefoot 
* h-part:(L,W,R)=(76.82234pt, 443.86319pt, 76.82234pt)
* v-part:(T,H,B)=(51.21504pt, 751.15268pt, 42.67912pt)
* \paperwidth=597.50787pt
* \paperheight=845.04684pt
* \textwidth=443.86319pt
* \textheight=684.15268pt
* \oddsidemargin=4.55235pt
* \evensidemargin=4.55235pt
* \topmargin=-21.05495pt
* \headheight=12.0pt
* \headsep=25.0pt
* \topskip=10.0pt
* \footskip=30.0pt
* \marginparwidth=57.0pt
* \marginparsep=11.0pt
* \columnsep=10.0pt
* \skip\footins=34.14322pt
* \hoffset=0.0pt
* \voffset=0.0pt
* \mag=1000
* \@twocolumnfalse
* \@twosidefalse
* \@mparswitchfalse
* \@reversemarginfalse
* (1in=72.27pt=25.4mm, 1cm=28.453pt)

Package newfloat Info: Trying Plan B...
Package newfloat Info: `float' package detected.
Package newfloat Info: `wrapfig' package detected.
Package caption Info: Begin \AtBeginDocument code.
Package caption Info: subfig package v1.3 is loaded.
Package caption Info: longtable package is loaded.
(/Users/quinnwhite/Library/TinyTeX/texmf-dist/tex/latex/caption/ltcaption.sty
Package: ltcaption 2021/01/08 v1.4c longtable captions (AR)
)
Package caption Info: threeparttable package is loaded.
Package caption Info: wrapfig package is loaded.
Package caption Info: End \AtBeginDocument code.
<logo-mdpi.pdf, id=159, 614.295pt x 794.97pt>
File: logo-mdpi.pdf Graphic file (type pdf)
<use logo-mdpi.pdf>
Package pdftex.def Info: logo-mdpi.pdf  used on input line 191.
(pdftex.def)             Requested size: 21.98056pt x 28.45274pt.
LaTeX Font Info:    Trying to load font information for OT1+ppl on input line 191.
(/Users/quinnwhite/Library/TinyTeX/texmf-dist/tex/latex/psnfss/ot1ppl.fd
File: ot1ppl.fd 2001/06/04 font definitions for OT1/ppl.
)
LaTeX Font Info:    Trying to load font information for OML+zplm on input line 191.
(/Users/quinnwhite/Library/TinyTeX/texmf-dist/tex/latex/psnfss/omlzplm.fd
File: omlzplm.fd 2002/09/08 Fontinst v1.914 font definitions for OML/zplm.
)
LaTeX Font Info:    Trying to load font information for OMS+zplm on input line 191.
(/Users/quinnwhite/Library/TinyTeX/texmf-dist/tex/latex/psnfss/omszplm.fd
File: omszplm.fd 2002/09/08 Fontinst v1.914 font definitions for OMS/zplm.
)
LaTeX Font Info:    Trying to load font information for OMX+zplm on input line 191.
(/Users/quinnwhite/Library/TinyTeX/texmf-dist/tex/latex/psnfss/omxzplm.fd
File: omxzplm.fd 2002/09/08 Fontinst v1.914 font definitions for OMX/zplm.
)
LaTeX Font Info:    Trying to load font information for OT1+zplm on input line 191.
(/Users/quinnwhite/Library/TinyTeX/texmf-dist/tex/latex/psnfss/ot1zplm.fd
File: ot1zplm.fd 2002/09/08 Fontinst v1.914 font definitions for OT1/zplm.
)
Package microtype Info: Loading generic protrusion settings for font family
(microtype)             `zplm' (encoding: OT1).
(microtype)             For optimal results, create family-specific settings.
(microtype)             See the microtype manual for details.
LaTeX Font Info:    Font shape `U/msb/m/n' will be
(Font)              scaled to size 10.42007pt on input line 191.
(/Users/quinnwhite/Library/TinyTeX/texmf-dist/tex/latex/microtype/mt-msb.cfg
File: mt-msb.cfg 2005/06/01 v1.0 microtype config. file: AMS symbols (b) (RS)
)
LaTeX Font Info:    Font shape `U/msb/m/n' will be
(Font)              scaled to size 7.91925pt on input line 191.
LaTeX Font Info:    Font shape `U/msb/m/n' will be
(Font)              scaled to size 6.25204pt on input line 191.
<logo-orcid.pdf, id=161, 597.23125pt x 845.1575pt>
File: logo-orcid.pdf Graphic file (type pdf)
<use logo-orcid.pdf>
Package pdftex.def Info: logo-orcid.pdf  used on input line 191.
(pdftex.def)             Requested size: 9.10509pt x 12.88315pt.
File: logo-orcid.pdf Graphic file (type pdf)
<use logo-orcid.pdf>
Package pdftex.def Info: logo-orcid.pdf  used on input line 191.
(pdftex.def)             Requested size: 9.10509pt x 12.88315pt.
File: logo-orcid.pdf Graphic file (type pdf)
<use logo-orcid.pdf>
Package pdftex.def Info: logo-orcid.pdf  used on input line 191.
(pdftex.def)             Requested size: 9.10509pt x 12.88315pt.
LaTeX Font Info:    Font shape `U/msb/m/n' will be
(Font)              scaled to size 9.37807pt on input line 191.
LaTeX Font Info:    Font shape `U/msb/m/n' will be
(Font)              scaled to size 7.29405pt on input line 191.
LaTeX Font Info:    Font shape `U/msb/m/n' will be
(Font)              scaled to size 5.21004pt on input line 191.
<logo-updates.pdf, id=166, 614.295pt x 794.97pt>
File: logo-updates.pdf Graphic file (type pdf)
<use logo-updates.pdf>
Package pdftex.def Info: logo-updates.pdf  used on input line 191.
(pdftex.def)             Requested size: 13.18832pt x 17.07182pt.
LaTeX Font Info:    Trying to load font information for T1+cmss on input line 191.
(/Users/quinnwhite/Library/TinyTeX/texmf-dist/tex/latex/base/t1cmss.fd
File: t1cmss.fd 2022/07/10 v2.5l Standard LaTeX font definitions
)
Package microtype Info: Loading generic protrusion settings for font family
(microtype)             `cmss' (encoding: T1).
(microtype)             For optimal results, create family-specific settings.
(microtype)             See the microtype manual for details.
[1

{/Users/quinnwhite/Library/TinyTeX/texmf-var/fonts/map/pdftex/updmap/pdftex.map}{/Users/quinnwhite/Library/TinyTeX/texmf-dist/fonts/enc/dvips/base/8r.enc} <./logo-mdpi.pdf> <./logo-orcid.pdf> <./logo-updates.pdf>]
LaTeX Font Info:    Trying to load font information for TS1+ppl on input line 279.
(/Users/quinnwhite/Library/TinyTeX/texmf-dist/tex/latex/psnfss/ts1ppl.fd
File: ts1ppl.fd 2001/06/04 font definitions for TS1/ppl.
) [2]
LaTeX Font Info:    Font shape `U/msb/m/n' will be
(Font)              scaled to size 8.33606pt on input line 320.
[3]

LaTeX Warning: `!h' float specifier changed to `!ht'.


Overfull \hbox (57.85252pt too wide) in paragraph at lines 486--492
[]$\T1/ppl/m/n/10 (-20) .|  
 []

[4]
<../images/proportion_endowment_categories.pdf, id=245, 866.23625pt x 360.34625pt>
File: ../images/proportion_endowment_categories.pdf Graphic file (type pdf)
<use ../images/proportion_endowment_categories.pdf>
Package pdftex.def Info: ../images/proportion_endowment_categories.pdf  used on input line 565.
(pdftex.def)             Requested size: 399.47415pt x 166.17917pt.
[5]
Overfull \vbox (41.6367pt too high) has occurred while \output is active []

[6 <../images/proportion_endowment_categories.pdf>]
<../images/prop_endowment_type_most_variable.pdf, id=275, 939.51pt x 468.75125pt>
File: ../images/prop_endowment_type_most_variable.pdf Graphic file (type pdf)
<use ../images/prop_endowment_type_most_variable.pdf>
Package pdftex.def Info: ../images/prop_endowment_type_most_variable.pdf  used on input line 584.
(pdftex.def)             Requested size: 399.47415pt x 199.30605pt.
[7 <../images/prop_endowment_type_most_variable.pdf>]
<../images/gap_plot_endowment.png, id=292, 433.3791pt x 433.3791pt>
File: ../images/gap_plot_endowment.png Graphic file (type png)
<use ../images/gap_plot_endowment.png>
Package pdftex.def Info: ../images/gap_plot_endowment.png  used on input line 638.
(pdftex.def)             Requested size: 399.47415pt x 399.47409pt.
[8]
<../images/rank_of_beginning_year_balance.pdf, id=301, 1083.04625pt x 794.97pt>
File: ../images/rank_of_beginning_year_balance.pdf Graphic file (type pdf)
<use ../images/rank_of_beginning_year_balance.pdf>
Package pdftex.def Info: ../images/rank_of_beginning_year_balance.pdf  used on input line 670.
(pdftex.def)             Requested size: 399.47415pt x 293.2124pt.
[9 <../images/gap_plot_endowment.png>]
<../images/rank-endowments-color-contribution.pdf, id=310, 1083.04625pt x 721.69624pt>
File: ../images/rank-endowments-color-contribution.pdf Graphic file (type pdf)
<use ../images/rank-endowments-color-contribution.pdf>
Package pdftex.def Info: ../images/rank-endowments-color-contribution.pdf  used on input line 681.
(pdftex.def)             Requested size: 399.47415pt x 266.18651pt.
[10 <../images/rank_of_beginning_year_balance.pdf>]
<../images/compare-rankings-balance-contributions.pdf, id=329, 1083.04625pt x 577.15625pt>
File: ../images/compare-rankings-balance-contributions.pdf Graphic file (type pdf)
<use ../images/compare-rankings-balance-contributions.pdf>
Package pdftex.def Info: ../images/compare-rankings-balance-contributions.pdf  used on input line 705.
(pdftex.def)             Requested size: 332.89738pt x 177.40182pt.
[11 <../images/rank-endowments-color-contribution.pdf>]
<../images/compare-rankings-balance-contributions-barplot.pdf, id=343, 1083.04625pt x 721.69624pt>
File: ../images/compare-rankings-balance-contributions-barplot.pdf Graphic file (type pdf)
<use ../images/compare-rankings-balance-contributions-barplot.pdf>
Package pdftex.def Info: ../images/compare-rankings-balance-contributions-barplot.pdf  used on input line 709.
(pdftex.def)             Requested size: 332.89738pt x 221.82942pt.
<../images/ranking-contributions.pdf, id=347, 1010.77625pt x 504.88625pt>
File: ../images/ranking-contributions.pdf Graphic file (type pdf)
<use ../images/ranking-contributions.pdf>
Package pdftex.def Info: ../images/ranking-contributions.pdf  used on input line 719.
(pdftex.def)             Requested size: 399.47415pt x 199.53958pt.
[12 <../images/compare-rankings-balance-contributions.pdf> <../images/compare-rankings-balance-contributions-barplot.pdf>] [13 <../images/ranking-contributions.pdf>]
<../images/diff_end_bal.png, id=392, 433.3791pt x 433.3791pt>
File: ../images/diff_end_bal.png Graphic file (type png)
<use ../images/diff_end_bal.png>
Package pdftex.def Info: ../images/diff_end_bal.png  used on input line 784.
(pdftex.def)             Requested size: 221.9316pt x 221.93298pt.
<../images/diff_end_bal_no_abs.png, id=393, 433.3791pt x 433.3791pt>
File: ../images/diff_end_bal_no_abs.png Graphic file (type png)
<use ../images/diff_end_bal_no_abs.png>
Package pdftex.def Info: ../images/diff_end_bal_no_abs.png  used on input line 784.
(pdftex.def)             Requested size: 221.9316pt x 221.93298pt.

Overfull \hbox (1.90002pt too wide) in paragraph at lines 784--784
[][] [] 
 []

<../images/miscalc_end_bal.png, id=395, 433.3791pt x 433.3791pt>
File: ../images/miscalc_end_bal.png Graphic file (type png)
<use ../images/miscalc_end_bal.png>
Package pdftex.def Info: ../images/miscalc_end_bal.png  used on input line 804.
(pdftex.def)             Requested size: 221.9316pt x 221.93298pt.
[14 <../images/diff_end_bal.png> <../images/diff_end_bal_no_abs.png>]
Underfull \hbox (badness 10000) in paragraph at lines 853--856

 []

[15 <../images/miscalc_end_bal.png>]
<../images/pc_endow.png, id=409, 469.755pt x 324.9741pt>
File: ../images/pc_endow.png Graphic file (type png)
<use ../images/pc_endow.png>
Package pdftex.def Info: ../images/pc_endow.png  used on input line 883.
(pdftex.def)             Requested size: 355.0919pt x 245.64899pt.
<../images/pc_endow_zoom.png, id=410, 469.755pt x 324.9741pt>
File: ../images/pc_endow_zoom.png Graphic file (type png)
<use ../images/pc_endow_zoom.png>
Package pdftex.def Info: ../images/pc_endow_zoom.png  used on input line 887.
(pdftex.def)             Requested size: 355.0919pt x 245.64899pt.
[16 <../images/pc_endow.png>]
<../images/pc_endow_flat.png, id=418, 469.755pt x 324.9741pt>
File: ../images/pc_endow_flat.png Graphic file (type png)
<use ../images/pc_endow_flat.png>
Package pdftex.def Info: ../images/pc_endow_flat.png  used on input line 891.
(pdftex.def)             Requested size: 355.0919pt x 245.64899pt.
[17 <../images/pc_endow_zoom.png> <../images/pc_endow_flat.png>]
<../images/pc_below_40.png, id=425, 469.755pt x 324.9741pt>
File: ../images/pc_below_40.png Graphic file (type png)
<use ../images/pc_below_40.png>
Package pdftex.def Info: ../images/pc_below_40.png  used on input line 913.
(pdftex.def)             Requested size: 355.0919pt x 245.64899pt.
[18 <../images/pc_below_40.png>]
<../images/pc_above_200.png, id=433, 469.755pt x 324.9741pt>
File: ../images/pc_above_200.png Graphic file (type png)
<use ../images/pc_above_200.png>
Package pdftex.def Info: ../images/pc_above_200.png  used on input line 966.
(pdftex.def)             Requested size: 399.47415pt x 276.35326pt.
[19 <../images/pc_above_200.png>]
<../images/pc_consist.png, id=444, 469.755pt x 324.9741pt>
File: ../images/pc_consist.png Graphic file (type png)
<use ../images/pc_consist.png>
Package pdftex.def Info: ../images/pc_consist.png  used on input line 1014.
(pdftex.def)             Requested size: 399.47415pt x 276.35326pt.
<../images/consist_by_endo_size.png, id=445, 289.08pt x 433.62pt>
File: ../images/consist_by_endo_size.png Graphic file (type png)
<use ../images/consist_by_endo_size.png>
Package pdftex.def Info: ../images/consist_by_endo_size.png  used on input line 1018.
(pdftex.def)             Requested size: 221.9316pt x 332.89595pt.
<../images/consist_by_employ_count.png, id=446, 289.08pt x 433.62pt>
File: ../images/consist_by_employ_count.png Graphic file (type png)
<use ../images/consist_by_employ_count.png>
Package pdftex.def Info: ../images/consist_by_employ_count.png  used on input line 1018.
(pdftex.def)             Requested size: 221.9316pt x 332.89595pt.

Overfull \hbox (1.90002pt too wide) in paragraph at lines 1018--1018
[][] [] 
 []

[20 <../images/pc_consist.png>]

LaTeX Font Warning: Command \small invalid in math mode on input line 1047.


Overfull \hbox (36.04196pt too wide) detected at line 1047
[]\OT1/ppl/m/n/10 .
 []

[21 <../images/consist_by_endo_size.png> <../images/consist_by_employ_count.png>]
<../images/compound-growth.pdf, id=460, 1083.04625pt x 1299.85625pt>
File: ../images/compound-growth.pdf Graphic file (type pdf)
<use ../images/compound-growth.pdf>
Package pdftex.def Info: ../images/compound-growth.pdf  used on input line 1078.
(pdftex.def)             Requested size: 399.47415pt x 479.43188pt.
[22]
<../images/annual-growth.pdf, id=467, 1083.04625pt x 1228.59pt>
File: ../images/annual-growth.pdf Graphic file (type pdf)
<use ../images/annual-growth.pdf>
Package pdftex.def Info: ../images/annual-growth.pdf  used on input line 1082.
(pdftex.def)             Requested size: 399.47415pt x 453.14644pt.
[23 <../images/compound-growth.pdf>]
<../images/type_region_bar.png, id=479, 433.62pt x 289.08pt>
File: ../images/type_region_bar.png Graphic file (type png)
<use ../images/type_region_bar.png>
Package pdftex.def Info: ../images/type_region_bar.png  used on input line 1098.
(pdftex.def)             Requested size: 399.47415pt x 266.32735pt.
[24 <../images/annual-growth.pdf>]
<../images/ratio_bar_region.png, id=498, 433.62pt x 289.08pt>
File: ../images/ratio_bar_region.png Graphic file (type png)
<use ../images/ratio_bar_region.png>
Package pdftex.def Info: ../images/ratio_bar_region.png  used on input line 1107.
(pdftex.def)             Requested size: 399.47415pt x 266.32735pt.
<../images/vol_map.png, id=500, 433.62pt x 289.08pt>
File: ../images/vol_map.png Graphic file (type png)
<use ../images/vol_map.png>
Package pdftex.def Info: ../images/vol_map.png  used on input line 1114.
(pdftex.def)             Requested size: 399.47415pt x 266.32735pt.
[25 <../images/type_region_bar.png> <../images/ratio_bar_region.png>]
<../images/frac-comp.pdf, id=510, 866.23625pt x 614.295pt>
File: ../images/frac-comp.pdf Graphic file (type pdf)
<use ../images/frac-comp.pdf>
Package pdftex.def Info: ../images/frac-comp.pdf  used on input line 1158.
(pdftex.def)             Requested size: 399.47415pt x 283.2915pt.
[26 <../images/vol_map.png>]
<../images/csuite-comp-bar.pdf, id=518, 722.7pt x 468.75125pt>
File: ../images/csuite-comp-bar.pdf Graphic file (type pdf)
<use ../images/csuite-comp-bar.pdf>
Package pdftex.def Info: ../images/csuite-comp-bar.pdf  used on input line 1162.
(pdftex.def)             Requested size: 399.47415pt x 259.10144pt.
[27 <../images/frac-comp.pdf> <../images/csuite-comp-bar.pdf>]
<../images/high.png, id=541, 779.91376pt x 497.86pt>
File: ../images/high.png Graphic file (type png)
<use ../images/high.png>
Package pdftex.def Info: ../images/high.png  used on input line 1188.
(pdftex.def)             Requested size: 355.0919pt x 226.67099pt.
<../images/medium.png, id=543, 759.83875pt x 483.8075pt>
File: ../images/medium.png Graphic file (type png)
<use ../images/medium.png>
Package pdftex.def Info: ../images/medium.png  used on input line 1192.
(pdftex.def)             Requested size: 355.0919pt x 226.09766pt.
<../images/low.png, id=544, 772.8875pt x 475.7775pt>
File: ../images/low.png Graphic file (type png)
<use ../images/low.png>
Package pdftex.def Info: ../images/low.png  used on input line 1196.
(pdftex.def)             Requested size: 355.0919pt x 218.59169pt.
[28 <../images/high.png> <../images/medium.png>]
Underfull \hbox (badness 10000) in paragraph at lines 1209--1211

 []


Underfull \hbox (badness 10000) in paragraph at lines 1211--1213

 []

<../images/percentage_building.png, id=557, 757.83125pt x 483.8075pt>
File: ../images/percentage_building.png Graphic file (type png)
<use ../images/percentage_building.png>
Package pdftex.def Info: ../images/percentage_building.png  used on input line 1221.
(pdftex.def)             Requested size: 399.47415pt x 255.02888pt.
[29 <../images/low.png> <../images/percentage_building.png>]
<../images/percent_change_ranking.png, id=567, 605.26125pt x 473.77pt>
File: ../images/percent_change_ranking.png Graphic file (type png)
<use ../images/percent_change_ranking.png>
Package pdftex.def Info: ../images/percent_change_ranking.png  used on input line 1233.
(pdftex.def)             Requested size: 266.32062pt x 208.45944pt.
[30 <../images/percent_change_ranking.png>] [31]
Underfull \hbox (badness 10000) in paragraph at lines 1405--1405

 []

(./final_report.bbl
Underfull \hbox (badness 1400) in paragraph at lines 17--21
\T1/ppl/m/n/9 (+20) meta-analysis of the in-ter-na-tional wage gap.  \T1/ppl/m/it/9 (+20) Jour-nal of Eco-nomic Sur-veys \T1/ppl/b/n/9 (+20) 2005\T1/ppl/m/n/9 (+20) , \T1/ppl/m/it/9 (+20) 19\T1/ppl/m/n/9 (+20) , 479--511.
 []

) [32] 
enddocument/afterlastpage: lastpage setting LastPage.
(./final_report.aux)

LaTeX Warning: There were multiply-defined labels.

Package rerunfilecheck Info: File `final_report.out' has not changed.
(rerunfilecheck)             Checksum: B82BA5AE893E429698D98D9858D85794;6849.
 ) 
Here is how much of TeX's memory you used:
 29728 strings out of 477936
 550196 string characters out of 5836210
 1873074 words of memory out of 5000000
 48794 multiletter control sequences out of 15000+600000
 580150 words of font info for 400 fonts, out of 8000000 for 9000
 14 hyphenation exceptions out of 8191
 99i,17n,94p,2398b,614s stack positions out of 10000i,1000n,20000p,200000b,200000s
 </Users/quinnwhite/Library/TinyTeX/texmf-var/fonts/pk/ljfour/jknappen/ec/ecss0800.375pk></Users/quinnwhite/Library/TinyTeX/texmf-dist/fonts/type1/public/amsfonts/cm/cmex10.pfb></Users/quinnwhite/Library/TinyTeX/texmf-dist/fonts/type1/public/amsfonts/cm/cmr10.pfb></Users/quinnwhite/Library/TinyTeX/texmf-dist/fonts/type1/public/amsfonts/cm/cmsy10.pfb></Users/quinnwhite/Library/TinyTeX/texmf-dist/fonts/type1/public/mathpazo/fplmr.pfb></Users/quinnwhite/Library/TinyTeX/texmf-dist/fonts/type1/urw/palatino/uplb8a.pfb></Users/quinnwhite/Library/TinyTeX/texmf-dist/fonts/type1/urw/palatino/uplr8a.pfb></Users/quinnwhite/Library/TinyTeX/texmf-dist/fonts/type1/urw/palatino/uplri8a.pfb>
Output written on final_report.pdf (32 pages, 4641466 bytes).
PDF statistics:
 676 PDF objects out of 1000 (max. 8388607)
 556 compressed objects within 6 object streams
 147 named destinations out of 1000 (max. 500000)
 89575 words of extra memory for PDF output out of 106986 (max. 10000000)

